INFO:scrapy.utils.log:Scrapy 1.5.0 started (bot: tutorial)
INFO:scrapy.utils.log:Versions: lxml 4.2.1.0, libxml2 2.9.5, cssselect 1.0.3, parsel 1.5.0, w3lib 1.19.0, Twisted 17.5.0, Python 3.6.5 |Anaconda custom (32-bit)| (default, Mar 29 2018, 13:23:52) [MSC v.1900 32 bit (Intel)], pyOpenSSL 18.0.0 (OpenSSL 1.0.2o  27 Mar 2018), cryptography 2.2.2, Platform Windows-7-6.1.7601-SP1
INFO:scrapy.crawler:Overridden settings: {'BOT_NAME': 'tutorial', 'NEWSPIDER_MODULE': 'tutorial.spiders', 'ROBOTSTXT_OBEY': True, 'SPIDER_LOADER_WARN_ONLY': True, 'SPIDER_MODULES': ['tutorial.spiders']}
INFO:scrapy.middleware:Enabled extensions:
['scrapy.extensions.corestats.CoreStats',
 'scrapy.extensions.telnet.TelnetConsole',
 'scrapy.extensions.logstats.LogStats']
INFO:scrapy.middleware:Enabled downloader middlewares:
['scrapy.downloadermiddlewares.robotstxt.RobotsTxtMiddleware',
 'scrapy.downloadermiddlewares.httpauth.HttpAuthMiddleware',
 'scrapy.downloadermiddlewares.downloadtimeout.DownloadTimeoutMiddleware',
 'scrapy.downloadermiddlewares.defaultheaders.DefaultHeadersMiddleware',
 'scrapy.downloadermiddlewares.useragent.UserAgentMiddleware',
 'scrapy.downloadermiddlewares.retry.RetryMiddleware',
 'scrapy.downloadermiddlewares.redirect.MetaRefreshMiddleware',
 'scrapy.downloadermiddlewares.httpcompression.HttpCompressionMiddleware',
 'scrapy.downloadermiddlewares.redirect.RedirectMiddleware',
 'scrapy.downloadermiddlewares.cookies.CookiesMiddleware',
 'scrapy.downloadermiddlewares.httpproxy.HttpProxyMiddleware',
 'scrapy.downloadermiddlewares.stats.DownloaderStats']
INFO:scrapy.middleware:Enabled spider middlewares:
['scrapy.spidermiddlewares.httperror.HttpErrorMiddleware',
 'scrapy.spidermiddlewares.offsite.OffsiteMiddleware',
 'scrapy.spidermiddlewares.referer.RefererMiddleware',
 'scrapy.spidermiddlewares.urllength.UrlLengthMiddleware',
 'scrapy.spidermiddlewares.depth.DepthMiddleware']
INFO:scrapy.middleware:Enabled item pipelines:
[]
INFO:scrapy.core.engine:Spider opened
INFO:scrapy.extensions.logstats:Crawled 0 pages (at 0 pages/min), scraped 0 items (at 0 items/min)
DEBUG:scrapy.extensions.telnet:Telnet console listening on 127.0.0.1:6023
DEBUG:scrapy.core.engine:Crawled (200) <GET https://www.detik.com/robots.txt> (referer: None)
DEBUG:scrapy.core.engine:Crawled (200) <GET https://www.detik.com/search/searchall?query=kapal+tenggelam> (referer: None)
INFO:root:https://news.detik.com/berita/d-4162099/pencarian-korban-kapal-nelayan-bengkulu-yang-karam-dihentikan
INFO:root:https://travel.detik.com/international-destination/d-4158453/unik-dan-heboh-balapan-perahu-kardus-di-amerika
INFO:root:https://news.detik.com/berita/d-4158255/4-nelayan-ini-5-hari-bertahan-hidup-di-atas-pecahan-kapal-di-laut
INFO:root:https://20.detik.com/detikflash/20180719-180719097/kapal-rombongan-ipb-tenggelam-di-lebak-2-nyawa-melayang
INFO:root:https://hot.detik.com/spotlight/d-4157875/jason-statham-korbankan-nyawa-berenang-dengan-hiu-untuk-the-meg
INFO:root:https://news.detik.com/bbc-world/d-4156006/100-tahun-di-lautan-es-kapal-penjelajah-norwegia-akhirnya-kembali
INFO:root:https://news.detik.com/australia-plus-abc/d-4153986/pengalaman-warga-australia-menyelamatkan-diri-dari-gili-terawangan
INFO:root:https://news.detik.com/readfoto/2018/07/06/202238/4102367/157/1/menhub-tabur-bunga-di-danau-toba
INFO:root:https://news.detik.com/readfoto/2018/07/04/082818/4097021/157/1/penampakan-uang-rp-30-m-yang-diselamatkan-dari-km-lestari-maju
INFO:root:https://news.detik.com/readfoto/2018/07/03/163123/4096230/157/1/raut-duka-keluarga-korban-km-sinar-bangun-saat-sar-ditutup
INFO:root:https://news.detik.com/readfoto/2018/07/03/144608/4095897/157/1/dramatis-detik-detik-km-lestari-maju-tenggelam-di-selayar
INFO:root:https://news.detik.com/readfoto/2018/07/02/152200/4094187/157/1/duka-keluarga-korban-km-sinar-bangun-tabur-bunga-di-danau-toba
INFO:root:https://news.detik.com/berita-jawa-timur/d-4153988/nelayan-trenggalek-yang-hilang-ditemukan-tewas-terdampar
INFO:root:https://news.detik.com/berita/d-4152032/kapal-nelayan-bengkulu-karam-7-abk-hilang
INFO:root:https://news.detik.com/berita/d-4150873/kemudi-rusak-kapal-sembako-tenggelam-di-teluk-bone
DEBUG:scrapy.core.engine:Crawled (200) <GET https://travel.detik.com/robots.txt> (referer: None)
DEBUG:scrapy.core.engine:Crawled (200) <GET https://hot.detik.com/robots.txt> (referer: None)
DEBUG:scrapy.core.engine:Crawled (200) <GET https://news.detik.com/robots.txt> (referer: None)
DEBUG:scrapy.core.engine:Crawled (200) <GET https://20.detik.com/robots.txt> (referer: None)
DEBUG:scrapy.downloadermiddlewares.redirect:Redirecting (301) to <GET https://news.detik.com/foto-news/4095897/dramatis-detik-detik-km-lestari-maju-tenggelam-di-selayar/1> from <GET https://news.detik.com/readfoto/2018/07/03/144608/4095897/157/1/dramatis-detik-detik-km-lestari-maju-tenggelam-di-selayar>
DEBUG:scrapy.core.engine:Crawled (200) <GET https://hot.detik.com/spotlight/d-4157875/jason-statham-korbankan-nyawa-berenang-dengan-hiu-untuk-the-meg> (referer: https://www.detik.com/search/searchall?query=kapal+tenggelam)
DEBUG:scrapy.downloadermiddlewares.redirect:Redirecting (301) to <GET https://news.detik.com/foto-news/4094187/duka-keluarga-korban-km-sinar-bangun-tabur-bunga-di-danau-toba/1> from <GET https://news.detik.com/readfoto/2018/07/02/152200/4094187/157/1/duka-keluarga-korban-km-sinar-bangun-tabur-bunga-di-danau-toba>
DEBUG:scrapy.downloadermiddlewares.redirect:Redirecting (301) to <GET https://news.detik.com/foto-news/4096230/raut-duka-keluarga-korban-km-sinar-bangun-saat-sar-ditutup/1> from <GET https://news.detik.com/readfoto/2018/07/03/163123/4096230/157/1/raut-duka-keluarga-korban-km-sinar-bangun-saat-sar-ditutup>
DEBUG:scrapy.downloadermiddlewares.redirect:Redirecting (301) to <GET https://news.detik.com/foto-news/4097021/penampakan-uang-rp-30-m-yang-diselamatkan-dari-km-lestari-maju/1> from <GET https://news.detik.com/readfoto/2018/07/04/082818/4097021/157/1/penampakan-uang-rp-30-m-yang-diselamatkan-dari-km-lestari-maju>
INFO:root:['\n ', '\n ', '\n ', '\n ', '\n ', ' - ', '\n ', '\n ', '\n ', '\n ', '\n ', '\n ', '\n ', '\n ', '\n ', '\n ', ' ', '\n ', '\n ']
DEBUG:scrapy.core.engine:Crawled (200) <GET https://news.detik.com/berita/d-4162099/pencarian-korban-kapal-nelayan-bengkulu-yang-karam-dihentikan> (referer: https://www.detik.com/search/searchall?query=kapal+tenggelam)
DEBUG:scrapy.downloadermiddlewares.redirect:Redirecting (301) to <GET https://news.detik.com/foto-news/4102367/menhub-tabur-bunga-di-danau-toba/1> from <GET https://news.detik.com/readfoto/2018/07/06/202238/4102367/157/1/menhub-tabur-bunga-di-danau-toba>
DEBUG:scrapy.core.engine:Crawled (200) <GET https://20.detik.com/detikflash/20180719-180719097/kapal-rombongan-ipb-tenggelam-di-lebak-2-nyawa-melayang> (referer: https://www.detik.com/search/searchall?query=kapal+tenggelam)
DEBUG:scrapy.core.engine:Crawled (200) <GET https://news.detik.com/berita/d-4152032/kapal-nelayan-bengkulu-karam-7-abk-hilang> (referer: https://www.detik.com/search/searchall?query=kapal+tenggelam)
DEBUG:scrapy.core.engine:Crawled (200) <GET https://news.detik.com/berita/d-4150873/kemudi-rusak-kapal-sembako-tenggelam-di-teluk-bone> (referer: https://www.detik.com/search/searchall?query=kapal+tenggelam)
DEBUG:scrapy.core.engine:Crawled (200) <GET https://news.detik.com/berita-jawa-timur/d-4153988/nelayan-trenggalek-yang-hilang-ditemukan-tewas-terdampar> (referer: https://www.detik.com/search/searchall?query=kapal+tenggelam)
DEBUG:scrapy.core.engine:Crawled (200) <GET https://travel.detik.com/international-destination/d-4158453/unik-dan-heboh-balapan-perahu-kardus-di-amerika> (referer: https://www.detik.com/search/searchall?query=kapal+tenggelam)
DEBUG:scrapy.core.engine:Crawled (200) <GET https://news.detik.com/berita/d-4158255/4-nelayan-ini-5-hari-bertahan-hidup-di-atas-pecahan-kapal-di-laut> (referer: https://www.detik.com/search/searchall?query=kapal+tenggelam)
INFO:root:['\n ', '\n ', '\n ', '\n ', '\n ', ' -\n Tim gabungan dari TNI Angkatan Laut dan Basarnas menyatakan resmi menghentikan pencarian korban KM Arung Samudera. Pencarian dinyatakan berakhir setelah melewati hari ketujuh.', 'Komandan Pangkalan TNI Angkatan Laut (Danlanal) Bengkulu Letkol Agus Izudin menyampaikan meski pencarian dihentikan, pemantauan akan tetap dilakukan. Agus juga mengapresiasi dukungan yang diberikan pemerintah Bengkulu dalam proses pencarian tersebut.', '"Meski kita juga telah mendatangkan pesawat Cassa P-8203 TNI Angkatan Laut, namun hasilnya masih nihil. Namun bila ditemukan adanya keberadaan tiga korban yang masih hilang, kami siap turun kembali guna membantu pencarian kembali," ujar Agus, Sabtu (11/8/2018).', '\n', 'Berbagai upaya dilakukan dalam pencarian kapal nelayan yang tenggelam di Perairan Mentawai, Jumat (3/8) lalu itu. Tim gabungan belum menemukan tiga korban yakni Okta, Siad, dan Aldo.', 'Sebelumnya, kapal nelayan KM Arung Samudra berlayar menangkap ikan di perairan Pulau Mego (perairan Mentawai) pada Kamis (2/8) sekitar pukul 19.00 WIB.', 'Pada Jumat (3/8) sekitar pukul 05.00 WIB, kapal dihantam ombak dan tenggelam. Saat itu kapal berada di sekitar 33 mil dari pintu alur Pelabuhan Pulau Baai arah barat daya Pulau Mego.', 'Kapal tersebut diketahui membawa 10 orang. Dalam peristiwa tersebut kapten dan enam ABK ditemukan dalam keadaan selamat. Sementara 3 ABK lainnya hilang dan belum ditemukan.', 'Berikut ini daftar nama kapten dan ABK Kapal KM Arung Samudera :', '1. Azis, kapten kapal dan pemilik kapal (ditemukan)', '2. Dion (ditemukan)', '3. Okta', '4. Defi (ditemukan)', '5. Mikko (ditemukan)', '6. Alo (ditemukan)', '7. Dadok (ditemukan)', '8. Siat', '9. Aldo', "10 Pi'i (ditemukan) \n ", '\n ', '\n \n \n ', '\n ', '\n \n ', '\n ', ' ', '\n \n ', '\n', '\n ', '\n ', '\n \n ']
INFO:root:[]
DEBUG:scrapy.core.engine:Crawled (200) <GET https://news.detik.com/australia-plus-abc/d-4153986/pengalaman-warga-australia-menyelamatkan-diri-dari-gili-terawangan> (referer: https://www.detik.com/search/searchall?query=kapal+tenggelam)
INFO:root:['\n ', '\n ', '\n ', '\n ', '\n ', ' -\n Kapal milik nelayan, KM Arung Samudera mengalami kecelakaan Bengkulu. Dari 10 ABK, baru tiga orang yang yang ditemukan dalam keadaan selamat. Sedangkan 7 ABK lagi masih dalam pencarian Basarnas.', 'Kapal nelayan jenis bagan asal Pelabuhan Nelayan Pulau Baai Bengkulu, dilaporkan tenggelam pada hari Jumat (3/8) subuh sekitar pukul 05.00 WIB. Diduga akibat dihantam cuaca buruk.', 'Kapal berangkat dari Pelabuhan Pulau Baai Bengkulu pada Kamis petang pukul 19.00 WIB. Keesokan harinya, pada jarak sekitar 33 mil, kapal dihantam ombak dan tenggelam.', '\n', 'Danlanal Bengkulu memimpin langsung operasi SAR menggunakan KAL Pulau Mego.', 'Komandan Lanal Bengkulu, Letkol Agus Izudin mengatakan, korban selamat tersebut telah dipindahkan ke Kapal Bagan Bengkulu KM Diah Saputri. Sebelumnya para korban ditemukan tenggelam di Posal Pulau Sikakap.', '"Tiga korban yang selamat telah dievakuasi ke KM Palapa 03 berjarak 20 mil dari Kabupaten Mukomuko. Hari ini saya bersama personil akan melakukan pencarian terhadap tujuh ABK lagi yang belum ditemukan dia real lokasi tenggelamnya kapal KM Arung Samudera," ujar Letkol Agus Izudin kepada detikcom, Senin (6/8/2018).', 'Letkol Agus menjelaskan, saat ini ketiga korban yang selamat telah dievakuasi guna mendapatkan perawatan.', ' \n ', '\n ', '\n \n \n ', '\n ', '\n \n ', '\n ', ' ', '\n \n ', '\n', '\n ', '\n ', '\n \n ']
INFO:root:['\n ', '\n ', '\n ', '\n ', '\n ', ' -\n KM Citra Harapan yang mengangkut barang kebutuhan sembako tujuan Kabaena, Sulawesi Tenggara tenggelam di perairan Bajoe, Teluk Bone, Sulawesi Selatan. Tidak ada korban jiwa dalam kecelakaan itu.', 'Kapal yang dinakhodai Pandi (30), dengan ABK sebanyak 4 orang ini bertolak dari Pelabuhan Bajoe pada subuh hari. Namun akhirnya karam setelah menempuh sekitar 2 mil perjalanan. Pandi meminta bantuan petugas pelabuhan untuk segera dievakuasi.', '5 Penumpang kapal berhasil dievakuasi oleh tim SAR gabungan sebelum kapal akhirnya tenggelam ke dasar lautan. Tidak ada korban jiwa dalam peristiwa ini.', 'Pihak KUPP Bajoe menyatakan jika kondisi cuaca bukan menjadi penyebab karamnya kapal tersebut hingga tenggelam.', '\n', '"Cuaca di perairan bagus, ombaknya tidak sampai 1 meter. Cuma kalau dari hasil temuan sementara dari pengakuan nakhoda, kapal karam karena adanya kerusakan pada kemudi, hingga jalannya tidak lagi seimbang. Air kemudian masuk ke dalam lambung kapal, hingga kapal oleng dan akhirnya tenggelam," ungkap staff KUPP Bajoe, Hadrawi kepada detikcom (5/8/2018)', 'Sebelum tenggelam, berbagai cara sempat dilakukan namun tidak berhasil untuk menyeret kapal yang karam itu ke dermaga.', 'Kerugian ditafsir mencapai 700 juta. Hingga saat ini, para penumpang pun telah dikembalikan kekediaman kerabat masing-masing yang sebelumnya dilakukan pemeriksaan kesehatan akibat syok. \n ', '\n ', '\n \n \n ', '\n ', '\n \n ', '\n ', ' ', '\n \n ', '\n', '\n ', '\n ', '\n \n ']
INFO:root:[]
INFO:root:['\n ', '\n ', '\n ', '\n ', '\n ', ' -\n Setelah lima hari terapung-apung di lautan lepas, empat nelayan yang merupakan ABK KM Arung Samudera akhirnya ditemukan nelayan lain. Nelayan melihat ada fiber ikan terapung di lautan lepas. Setelah dicek di dalam fiber ikan, ternyata ada empat ABK yang dikabarkan hilang.', '"Saya menyakinkan kawan-kawan agar tetap kuat dan menghemat tenaga untuk tetap bisa bertahan selama mungkin di dalam fiber sampai ada bantuan yang datang," ujar salah satu ABK, Dion saat ditemui di kediamannya, Kamis (9/8/2018).', 'Hari demi hari mereka terdampar di sekitar Pulau Sikakap, Mentawai, dengan menaiki fiber ikan berukuran 1×2 meter. Keempat ABK ini berusaha bertahan hidup untuk mencapai daratan.', 'Dion mengaku akan sekuat tenaga untuk tetap hidup dan bisa berkumpul dengan keluarganya. Meski harus berjuang di tengah lautan lepas. Dion mengaku, meski harapan untuk bisa sampai ke daratan kecil, namun dirinya bersama tiga rekannya terus mencoba menggerakan fiber untuk mencapai daratan.', '\n', '"Kalau malam hari kami lebih memilih beristirahat. Saat hujan kami mencoba meminum air dari hujan agar tubuh tetap kuat," ungkap Dion lagi.', 'Diketahui selama lima hari terapung-apung di tengah laut, ke empat ABK ini diterpa hujan selama tiga hari. Hujan ini yang membuat mereka tetap bisa bertahan.', 'Di hari kelima, mereka mulai kelelahan. Namun saat pukul 09.00 WIB ada kapal nelayan yang datang menolong mereka.', '"Beruntung kami memilih menggunakan fiber ikan, bukan pelampung saat kapal mulai tenggelam. Kalau tidak, mungkin di hari kedua kami telah tewas karena kedinginaan," tutur Dion.', 'Saat ini pihak TNI AL, Basarnas, dan nelayan masih tetap melakukan pencarian terhadap ketiga nelayan yg belum ditemukan, dan akan berakhir pada tanggal 11 mendatang.', ' \n ', '\n ', '\n \n \n ', '\n ', '\n \n ', '\n ', ' ', '\n \n ', '\n', '\n ', '\n ', '\n \n ']
INFO:root:['\n ', '\n ', '\n ', '\n ', '\n ', ' -\n Seorang nelayan asal Trenggalek yang hilang terhempas ombak di laut selatan Jawa ditemukan. Korban ditemukan telah tewas terdampar di pantai. ', 'Komandan Tim Pencarian Basarnas Pos Trenggalek, Andris Dwi, mengatakan korban Sarun (40) warga Dusun Karanggongso, Desa Tasikmadu, Kecamatan Watulimo ditemukan terdampar di Pantai Gelang di perbatasan Kecamatan Watulimo dengan Munjungan. ', '"Korban ditemukan tim SAR gabungan pada Pukul 09.00 WIB, korban terseret ombak hingga terdampar di pantai," kata Andris, Selasa (7/8/2018). ', 'Saat ditemukan, korban dalam kondisi sudah meninggal dunia, sedangkan di beberapa bagian tubuh korban terdapat sejumlah luka akibat terkena batu karang di sekitar lokasi kejadian. Korban selanjutnya langsung dievakuasi melalui jalur darat untuk dibawa ke rumah duka di Desa Tasikmadu. ', '"Perjalanan dari lokasi penemuan jenazah sampai ke rumah duka sekitar 1,5 jam. Korban sudah kami serahkan kepada kepolisian untuk dilakukan pemeriksaan medis bersama dokter Puskesmas," jelasnya. ', 'Setelah dilakukan visum, jenazah diserahkan kepada pihak keluarga untuk proses pemakaman. Sebelumnya, korban Sarun berangkat melaut untuk mencari gurita bersama salah seorang saudaranya pada Senin (7/8/2018)', 'Saat berada di lokasi kejadian korban berpindah dari perahu motor ke perahu kunting, namun naas saat melakukan aktivitasnya, tiba-tiba datang ombak besar hingga menyebabkan perahu terempas ke kadang hingga pecah, sedangkan korban hilang tenggelam. \n ', '\n ', '\n \n \n ', '\n ', '\n \n ', '\n ', '\n \n \n ', '\n ', '\n \n ']
DEBUG:scrapy.core.engine:Crawled (200) <GET https://news.detik.com/foto-news/4095897/dramatis-detik-detik-km-lestari-maju-tenggelam-di-selayar/1> (referer: https://www.detik.com/search/searchall?query=kapal+tenggelam)
DEBUG:scrapy.core.engine:Crawled (200) <GET https://news.detik.com/bbc-world/d-4156006/100-tahun-di-lautan-es-kapal-penjelajah-norwegia-akhirnya-kembali> (referer: https://www.detik.com/search/searchall?query=kapal+tenggelam)
INFO:root:[]
DEBUG:scrapy.core.engine:Crawled (200) <GET https://news.detik.com/foto-news/4096230/raut-duka-keluarga-korban-km-sinar-bangun-saat-sar-ditutup/1> (referer: https://www.detik.com/search/searchall?query=kapal+tenggelam)
DEBUG:scrapy.core.engine:Crawled (200) <GET https://news.detik.com/foto-news/4097021/penampakan-uang-rp-30-m-yang-diselamatkan-dari-km-lestari-maju/1> (referer: https://www.detik.com/search/searchall?query=kapal+tenggelam)
DEBUG:scrapy.core.engine:Crawled (200) <GET https://news.detik.com/foto-news/4094187/duka-keluarga-korban-km-sinar-bangun-tabur-bunga-di-danau-toba/1> (referer: https://www.detik.com/search/searchall?query=kapal+tenggelam)
DEBUG:scrapy.core.engine:Crawled (200) <GET https://news.detik.com/foto-news/4102367/menhub-tabur-bunga-di-danau-toba/1> (referer: https://www.detik.com/search/searchall?query=kapal+tenggelam)
INFO:root:[]
INFO:root:[]
INFO:root:[]
INFO:root:[]
INFO:root:[]
INFO:root:[]
INFO:scrapy.core.engine:Closing spider (finished)
INFO:scrapy.statscollectors:Dumping Scrapy stats:
{'downloader/request_bytes': 8689,
 'downloader/request_count': 26,
 'downloader/request_method_count/GET': 26,
 'downloader/response_bytes': 354722,
 'downloader/response_count': 26,
 'downloader/response_status_count/200': 21,
 'downloader/response_status_count/301': 5,
 'finish_reason': 'finished',
 'finish_time': datetime.datetime(2018, 8, 13, 8, 30, 54, 252110),
 'log_count/DEBUG': 27,
 'log_count/INFO': 37,
 'request_depth_max': 1,
 'response_received_count': 21,
 'scheduler/dequeued': 21,
 'scheduler/dequeued/memory': 21,
 'scheduler/enqueued': 21,
 'scheduler/enqueued/memory': 21,
 'start_time': datetime.datetime(2018, 8, 13, 8, 30, 51, 319305)}
INFO:scrapy.core.engine:Spider closed (finished)
